<?xml version="1.0" encoding="UTF-8"?>
<!-- Generated by org.testng.reporters.JUnitXMLReporter -->
<testsuite ignored="0" hostname="DESKTOP-SJ7E9CF" failures="1" tests="3" name="Test" time="71.615" errors="0" timestamp="2021-12-11T19:58:05 IST">
  <testcase classname="com.testcases.loginpageTest" name="LoginTest" time="12.296"/>
  <testcase classname="com.testcases.loginpageTest" name="titleTest" time="0.608"/>
  <testcase classname="com.testcases.viewOfferTest" name="ViewOffer" time="0.747">
    <failure type="java.lang.NullPointerException">
      <![CDATA[java.lang.NullPointerException
at org.openqa.selenium.support.pagefactory.DefaultElementLocator.findElement(DefaultElementLocator.java:69)
at org.openqa.selenium.support.pagefactory.internal.LocatingElementHandler.invoke(LocatingElementHandler.java:38)
at com.sun.proxy.$Proxy15.click(Unknown Source)
at com.pages.viewOffer.clickOffer(viewOffer.java:25)
at com.testcases.viewOfferTest.ViewOffer(viewOfferTest.java:37)
at java.base/java.util.ArrayList.forEach(ArrayList.java:1541)
... Removed 27 stack frames]]>
    </failure>
  </testcase> <!-- ViewOffer -->
</testsuite> <!-- Test -->
