<?xml version="1.0" encoding="UTF-8"?>
<testng-results ignored="0" total="3" passed="2" failed="1" skipped="0">
  <reporter-output>
  </reporter-output>
  <suite started-at="2021-12-11T19:56:53 IST" name="Suite" finished-at="2021-12-11T19:58:04 IST" duration-ms="71615">
    <groups>
    </groups>
    <test started-at="2021-12-11T19:56:53 IST" name="Test" finished-at="2021-12-11T19:58:04 IST" duration-ms="71615">
      <class name="com.testcases.viewOfferTest">
        <test-method is-config="true" signature="reportSetup()[pri:0, instance:com.testcases.viewOfferTest@2fb3536e]" started-at="2021-12-11T19:56:54 IST" name="reportSetup" finished-at="2021-12-11T19:56:54 IST" duration-ms="0" status="PASS">
          <reporter-output>
          </reporter-output>
        </test-method> <!-- reportSetup -->
        <test-method is-config="true" signature="initializaiton()[pri:0, instance:com.testcases.viewOfferTest@2fb3536e]" started-at="2021-12-11T19:57:37 IST" name="initializaiton" finished-at="2021-12-11T19:58:00 IST" duration-ms="23472" status="PASS">
          <reporter-output>
          </reporter-output>
        </test-method> <!-- initializaiton -->
        <test-method signature="ViewOffer()[pri:0, instance:com.testcases.viewOfferTest@2fb3536e]" started-at="2021-12-11T19:58:00 IST" name="ViewOffer" finished-at="2021-12-11T19:58:01 IST" duration-ms="747" status="FAIL">
          <exception class="java.lang.NullPointerException">
            <full-stacktrace>
              <![CDATA[java.lang.NullPointerException
at org.openqa.selenium.support.pagefactory.DefaultElementLocator.findElement(DefaultElementLocator.java:69)
at org.openqa.selenium.support.pagefactory.internal.LocatingElementHandler.invoke(LocatingElementHandler.java:38)
at com.sun.proxy.$Proxy15.click(Unknown Source)
at com.pages.viewOffer.clickOffer(viewOffer.java:25)
at com.testcases.viewOfferTest.ViewOffer(viewOfferTest.java:37)
at java.base/jdk.internal.reflect.NativeMethodAccessorImpl.invoke0(Native Method)
at java.base/jdk.internal.reflect.NativeMethodAccessorImpl.invoke(NativeMethodAccessorImpl.java:62)
at java.base/jdk.internal.reflect.DelegatingMethodAccessorImpl.invoke(DelegatingMethodAccessorImpl.java:43)
at java.base/java.lang.reflect.Method.invoke(Method.java:566)
at org.testng.internal.MethodInvocationHelper.invokeMethod(MethodInvocationHelper.java:133)
at org.testng.internal.TestInvoker.invokeMethod(TestInvoker.java:598)
at org.testng.internal.TestInvoker.invokeTestMethod(TestInvoker.java:173)
at org.testng.internal.MethodRunner.runInSequence(MethodRunner.java:46)
at org.testng.internal.TestInvoker$MethodInvocationAgent.invoke(TestInvoker.java:824)
at org.testng.internal.TestInvoker.invokeTestMethods(TestInvoker.java:146)
at org.testng.internal.TestMethodWorker.invokeTestMethods(TestMethodWorker.java:146)
at org.testng.internal.TestMethodWorker.run(TestMethodWorker.java:128)
at java.base/java.util.ArrayList.forEach(ArrayList.java:1541)
at org.testng.TestRunner.privateRun(TestRunner.java:794)
at org.testng.TestRunner.run(TestRunner.java:596)
at org.testng.SuiteRunner.runTest(SuiteRunner.java:377)
at org.testng.SuiteRunner.runSequentially(SuiteRunner.java:371)
at org.testng.SuiteRunner.privateRun(SuiteRunner.java:332)
at org.testng.SuiteRunner.run(SuiteRunner.java:276)
at org.testng.SuiteRunnerWorker.runSuite(SuiteRunnerWorker.java:53)
at org.testng.SuiteRunnerWorker.run(SuiteRunnerWorker.java:96)
at org.testng.TestNG.runSuitesSequentially(TestNG.java:1212)
at org.testng.TestNG.runSuitesLocally(TestNG.java:1134)
at org.testng.TestNG.runSuites(TestNG.java:1063)
at org.testng.TestNG.run(TestNG.java:1031)
at org.testng.remote.AbstractRemoteTestNG.run(AbstractRemoteTestNG.java:115)
at org.testng.remote.RemoteTestNG.initAndRun(RemoteTestNG.java:251)
at org.testng.remote.RemoteTestNG.main(RemoteTestNG.java:77)
]]>
            </full-stacktrace>
          </exception> <!-- java.lang.NullPointerException -->
          <reporter-output>
          </reporter-output>
        </test-method> <!-- ViewOffer -->
        <test-method is-config="true" signature="tearDown()[pri:0, instance:com.testcases.viewOfferTest@2fb3536e]" started-at="2021-12-11T19:58:01 IST" name="tearDown" finished-at="2021-12-11T19:58:02 IST" duration-ms="1434" status="PASS">
          <reporter-output>
          </reporter-output>
        </test-method> <!-- tearDown -->
        <test-method is-config="true" signature="closeReportSetup()[pri:0, instance:com.testcases.viewOfferTest@2fb3536e]" started-at="2021-12-11T19:58:04 IST" name="closeReportSetup" finished-at="2021-12-11T19:58:04 IST" duration-ms="78" status="PASS">
          <reporter-output>
          </reporter-output>
        </test-method> <!-- closeReportSetup -->
      </class> <!-- com.testcases.viewOfferTest -->
      <class name="com.testcases.loginpageTest">
        <test-method is-config="true" signature="reportSetup()[pri:0, instance:com.testcases.loginpageTest@20ccf40b]" started-at="2021-12-11T19:56:53 IST" name="reportSetup" finished-at="2021-12-11T19:56:54 IST" duration-ms="911" status="PASS">
          <reporter-output>
          </reporter-output>
        </test-method> <!-- reportSetup -->
        <test-method is-config="true" signature="initializaiton()[pri:0, instance:com.testcases.loginpageTest@20ccf40b]" started-at="2021-12-11T19:56:54 IST" name="initializaiton" finished-at="2021-12-11T19:57:22 IST" duration-ms="27721" status="PASS">
          <reporter-output>
          </reporter-output>
        </test-method> <!-- initializaiton -->
        <test-method signature="LoginTest()[pri:0, instance:com.testcases.loginpageTest@20ccf40b]" started-at="2021-12-11T19:57:22 IST" name="LoginTest" finished-at="2021-12-11T19:57:34 IST" duration-ms="12296" status="PASS">
          <reporter-output>
          </reporter-output>
        </test-method> <!-- LoginTest -->
        <test-method signature="titleTest()[pri:0, instance:com.testcases.loginpageTest@20ccf40b]" started-at="2021-12-11T19:57:34 IST" name="titleTest" finished-at="2021-12-11T19:57:35 IST" duration-ms="608" status="PASS">
          <reporter-output>
          </reporter-output>
        </test-method> <!-- titleTest -->
        <test-method is-config="true" signature="tearDown()[pri:0, instance:com.testcases.loginpageTest@20ccf40b]" started-at="2021-12-11T19:57:35 IST" name="tearDown" finished-at="2021-12-11T19:57:37 IST" duration-ms="2099" status="PASS">
          <reporter-output>
          </reporter-output>
        </test-method> <!-- tearDown -->
        <test-method is-config="true" signature="closeReportSetup()[pri:0, instance:com.testcases.loginpageTest@20ccf40b]" started-at="2021-12-11T19:58:02 IST" name="closeReportSetup" finished-at="2021-12-11T19:58:04 IST" duration-ms="1978" status="PASS">
          <reporter-output>
          </reporter-output>
        </test-method> <!-- closeReportSetup -->
      </class> <!-- com.testcases.loginpageTest -->
    </test> <!-- Test -->
  </suite> <!-- Suite -->
</testng-results>
